ffmpeg4android_demo/build/outputs/logs/manifest-merger-debug-report.txt
-- Merging decision tree log ---
manifest
ADDED from AndroidManifest.xml:2:1
	xmlns:android
		ADDED from AndroidManifest.xml:2:11
	package
		ADDED from AndroidManifest.xml:3:7
		INJECTED from AndroidManifest.xml:0:0
		INJECTED from AndroidManifest.xml:0:0
	android:versionName
		ADDED from AndroidManifest.xml:5:7
	android:versionCode
		ADDED from AndroidManifest.xml:4:7
		INJECTED from AndroidManifest.xml:0:0
		INJECTED from AndroidManifest.xml:0:0
uses-sdk
ADDED from AndroidManifest.xml:7:6
MERGED from ffmpeg4android_demo1:ffmpeg4android_lib:unspecified:7:5
	android:targetSdkVersion
		ADDED from AndroidManifest.xml:7:43
		INJECTED from AndroidManifest.xml:0:0
		INJECTED from AndroidManifest.xml:0:0
	android:minSdkVersion
		ADDED from AndroidManifest.xml:7:16
		INJECTED from AndroidManifest.xml:0:0
		INJECTED from AndroidManifest.xml:0:0
uses-permission#android.permission.WRITE_EXTERNAL_STORAGE
ADDED from AndroidManifest.xml:9:5
MERGED from ffmpeg4android_demo1:ffmpeg4android_lib:unspecified:11:5
	android:name
		ADDED from AndroidManifest.xml:9:22
uses-permission#android.permission.WAKE_LOCK
ADDED from AndroidManifest.xml:10:5
MERGED from ffmpeg4android_demo1:ffmpeg4android_lib:unspecified:12:5
	android:name
		ADDED from AndroidManifest.xml:10:22
application
ADDED from AndroidManifest.xml:12:5
	android:label
		ADDED from AndroidManifest.xml:12:48
	android:allowBackup
		ADDED from AndroidManifest.xml:12:81
	android:icon
		ADDED from AndroidManifest.xml:12:18
activity#com.examples.ffmpeg4android.SimpleExample
ADDED from AndroidManifest.xml:15:9
	android:windowSoftInputMode
		ADDED from AndroidManifest.xml:16:19
	android:label
		ADDED from AndroidManifest.xml:17:19
	android:configChanges
		ADDED from AndroidManifest.xml:15:76
	android:name
		ADDED from AndroidManifest.xml:15:19
intent-filter#android.intent.action.MAIN
ADDED from AndroidManifest.xml:18:13
action#android.intent.action.MAIN
ADDED from AndroidManifest.xml:19:17
	android:name
		ADDED from AndroidManifest.xml:19:25
activity#com.examples.ffmpeg4android.Main
ADDED from AndroidManifest.xml:23:9
	android:windowSoftInputMode
		ADDED from AndroidManifest.xml:24:19
	android:label
		ADDED from AndroidManifest.xml:25:19
	android:configChanges
		ADDED from AndroidManifest.xml:23:67
	android:name
		ADDED from AndroidManifest.xml:23:19
intent-filter#android.intent.action.MAIN+android.intent.category.LAUNCHER
ADDED from AndroidManifest.xml:26:13
category#android.intent.category.LAUNCHER
ADDED from AndroidManifest.xml:28:17
	android:name
		ADDED from AndroidManifest.xml:28:27
activity#com.examples.ffmpeg4android.ProgressBarExample
ADDED from AndroidManifest.xml:32:9
	android:windowSoftInputMode
		ADDED from AndroidManifest.xml:33:19
	android:label
		ADDED from AndroidManifest.xml:34:19
	android:configChanges
		ADDED from AndroidManifest.xml:32:81
	android:name
		ADDED from AndroidManifest.xml:32:19
activity#com.examples.ffmpeg4android.ProgressBarWithNotificationExample
ADDED from AndroidManifest.xml:41:9
	android:windowSoftInputMode
		ADDED from AndroidManifest.xml:42:19
	android:label
		ADDED from AndroidManifest.xml:43:19
	android:configChanges
		ADDED from AndroidManifest.xml:41:97
	android:name
		ADDED from AndroidManifest.xml:41:19